# JRE version: OpenJDK Runtime Environment (21.0+35) (build 21+35-2513)
# Java VM: OpenJDK 64-Bit Server VM (21+35-2513, mixed mode, sharing, tiered, compressed oops, compressed class ptrs, g1 gc, bsd-amd64)
Heap:
 garbage-first heap   total 137216K, used 79278K [0x0000000700000000, 0x0000000800000000)
  region size 2048K, 21 young (43008K), 1 survivors (2048K)
 Metaspace       used 23486K, committed 23872K, reserved 1114112K
  class space    used 3186K, committed 3392K, reserved 1048576K
GC Heap History (8 events):
Event: 2.169 GC heap before
{Heap before GC invocations=0 (full 0):
 garbage-first heap   total 264192K, used 23564K [0x0000000700000000, 0x0000000800000000)
  region size 2048K, 11 young (22528K), 0 survivors (0K)
 Metaspace       used 5760K, committed 5952K, reserved 1114112K
  class space    used 671K, committed 768K, reserved 1048576K
}
Event: 2.172 GC heap after
{Heap after GC invocations=1 (full 0):
 garbage-first heap   total 264192K, used 3553K [0x0000000700000000, 0x0000000800000000)
  region size 2048K, 2 young (4096K), 2 survivors (4096K)
 Metaspace       used 5760K, committed 5952K, reserved 1114112K
  class space    used 671K, committed 768K, reserved 1048576K
}
Event: 4.833 GC heap before
{Heap before GC invocations=1 (full 0):
 garbage-first heap   total 264192K, used 71137K [0x0000000700000000, 0x0000000800000000)
  region size 2048K, 32 young (65536K), 2 survivors (4096K)
 Metaspace       used 15968K, committed 16320K, reserved 1114112K
  class space    used 2424K, committed 2560K, reserved 1048576K
}
Event: 4.844 GC heap after
{Heap after GC invocations=2 (full 0):
 garbage-first heap   total 264192K, used 24080K [0x0000000700000000, 0x0000000800000000)
  region size 2048K, 4 young (8192K), 4 survivors (8192K)
 Metaspace       used 15968K, committed 16320K, reserved 1114112K
  class space    used 2424K, committed 2560K, reserved 1048576K
}
Event: 11.279 GC heap before
{Heap before GC invocations=2 (full 0):
 garbage-first heap   total 264192K, used 77328K [0x0000000700000000, 0x0000000800000000)
  region size 2048K, 27 young (55296K), 4 survivors (8192K)
 Metaspace       used 21082K, committed 21504K, reserved 1114112K
  class space    used 2972K, committed 3200K, reserved 1048576K
}
Event: 11.287 GC heap after
{Heap after GC invocations=3 (full 0):
 garbage-first heap   total 264192K, used 32828K [0x0000000700000000, 0x0000000800000000)
  region size 2048K, 7 young (14336K), 7 survivors (14336K)
 Metaspace       used 21082K, committed 21504K, reserved 1114112K
  class space    used 2972K, committed 3200K, reserved 1048576K
}
Event: 15.996 GC heap before
{Heap before GC invocations=4 (full 0):
 garbage-first heap   total 137216K, used 45116K [0x0000000700000000, 0x0000000800000000)
  region size 2048K, 11 young (22528K), 7 survivors (14336K)
 Metaspace       used 23023K, committed 23488K, reserved 1114112K
  class space    used 3180K, committed 3392K, reserved 1048576K
}
Event: 16.005 GC heap after
{Heap after GC invocations=5 (full 0):
 garbage-first heap   total 137216K, used 39058K [0x0000000700000000, 0x0000000800000000)
  region size 2048K, 1 young (2048K), 1 survivors (2048K)
 Metaspace       used 23023K, committed 23488K, reserved 1114112K
  class space    used 3180K, committed 3392K, reserved 1048576K
}

