# JRE version: OpenJDK Runtime Environment (21.0+35) (build 21+35-2513)
# Java VM: OpenJDK 64-Bit Server VM (21+35-2513, mixed mode, sharing, tiered, compressed oops, compressed class ptrs, g1 gc, bsd-amd64)
Heap:
 garbage-first heap   total 131072K, used 73493K [0x0000000700000000, 0x0000000800000000)
  region size 2048K, 19 young (38912K), 1 survivors (2048K)
 Metaspace       used 23420K, committed 23872K, reserved 1114112K
  class space    used 3190K, committed 3392K, reserved 1048576K
GC Heap History (8 events):
Event: 1.775 GC heap before
{Heap before GC invocations=0 (full 0):
 garbage-first heap   total 264192K, used 23564K [0x0000000700000000, 0x0000000800000000)
  region size 2048K, 11 young (22528K), 0 survivors (0K)
 Metaspace       used 5761K, committed 5952K, reserved 1114112K
  class space    used 670K, committed 768K, reserved 1048576K
}
Event: 1.778 GC heap after
{Heap after GC invocations=1 (full 0):
 garbage-first heap   total 264192K, used 3596K [0x0000000700000000, 0x0000000800000000)
  region size 2048K, 2 young (4096K), 2 survivors (4096K)
 Metaspace       used 5761K, committed 5952K, reserved 1114112K
  class space    used 670K, committed 768K, reserved 1048576K
}
Event: 4.175 GC heap before
{Heap before GC invocations=1 (full 0):
 garbage-first heap   total 264192K, used 67084K [0x0000000700000000, 0x0000000800000000)
  region size 2048K, 30 young (61440K), 2 survivors (4096K)
 Metaspace       used 15974K, committed 16320K, reserved 1114112K
  class space    used 2428K, committed 2560K, reserved 1048576K
}
Event: 4.184 GC heap after
{Heap after GC invocations=2 (full 0):
 garbage-first heap   total 264192K, used 20467K [0x0000000700000000, 0x0000000800000000)
  region size 2048K, 4 young (8192K), 4 survivors (8192K)
 Metaspace       used 15974K, committed 16320K, reserved 1114112K
  class space    used 2428K, committed 2560K, reserved 1048576K
}
Event: 6.685 GC heap before
{Heap before GC invocations=2 (full 0):
 garbage-first heap   total 264192K, used 75763K [0x0000000700000000, 0x0000000800000000)
  region size 2048K, 28 young (57344K), 4 survivors (8192K)
 Metaspace       used 21129K, committed 21504K, reserved 1114112K
  class space    used 2984K, committed 3200K, reserved 1048576K
}
Event: 6.694 GC heap after
{Heap after GC invocations=3 (full 0):
 garbage-first heap   total 264192K, used 32299K [0x0000000700000000, 0x0000000800000000)
  region size 2048K, 8 young (16384K), 8 survivors (16384K)
 Metaspace       used 21129K, committed 21504K, reserved 1114112K
  class space    used 2984K, committed 3200K, reserved 1048576K
}
Event: 62.886 GC heap before
{Heap before GC invocations=4 (full 0):
 garbage-first heap   total 131072K, used 79403K [0x0000000700000000, 0x0000000800000000)
  region size 2048K, 29 young (59392K), 8 survivors (16384K)
 Metaspace       used 23399K, committed 23808K, reserved 1114112K
  class space    used 3184K, committed 3392K, reserved 1048576K
}
Event: 62.899 GC heap after
{Heap after GC invocations=5 (full 0):
 garbage-first heap   total 131072K, used 37031K [0x0000000700000000, 0x0000000800000000)
  region size 2048K, 1 young (2048K), 1 survivors (2048K)
 Metaspace       used 23399K, committed 23808K, reserved 1114112K
  class space    used 3184K, committed 3392K, reserved 1048576K
}

