# JRE version: OpenJDK Runtime Environment (21.0+35) (build 21+35-2513)
# Java VM: OpenJDK 64-Bit Server VM (21+35-2513, mixed mode, sharing, tiered, compressed oops, compressed class ptrs, g1 gc, bsd-amd64)
Heap:
 garbage-first heap   total 137216K, used 40826K [0x0000000700000000, 0x0000000800000000)
  region size 2048K, 3 young (6144K), 1 survivors (2048K)
 Metaspace       used 23284K, committed 23744K, reserved 1114112K
  class space    used 3233K, committed 3456K, reserved 1048576K
GC Heap History (8 events):
Event: 1.709 GC heap before
{Heap before GC invocations=0 (full 0):
 garbage-first heap   total 264192K, used 23564K [0x0000000700000000, 0x0000000800000000)
  region size 2048K, 11 young (22528K), 0 survivors (0K)
 Metaspace       used 5756K, committed 5952K, reserved 1114112K
  class space    used 671K, committed 768K, reserved 1048576K
}
Event: 1.711 GC heap after
{Heap after GC invocations=1 (full 0):
 garbage-first heap   total 264192K, used 3638K [0x0000000700000000, 0x0000000800000000)
  region size 2048K, 2 young (4096K), 2 survivors (4096K)
 Metaspace       used 5756K, committed 5952K, reserved 1114112K
  class space    used 671K, committed 768K, reserved 1048576K
}
Event: 3.887 GC heap before
{Heap before GC invocations=1 (full 0):
 garbage-first heap   total 264192K, used 71222K [0x0000000700000000, 0x0000000800000000)
  region size 2048K, 32 young (65536K), 2 survivors (4096K)
 Metaspace       used 15968K, committed 16320K, reserved 1114112K
  class space    used 2428K, committed 2560K, reserved 1048576K
}
Event: 3.899 GC heap after
{Heap after GC invocations=2 (full 0):
 garbage-first heap   total 264192K, used 24241K [0x0000000700000000, 0x0000000800000000)
  region size 2048K, 4 young (8192K), 4 survivors (8192K)
 Metaspace       used 15968K, committed 16320K, reserved 1114112K
  class space    used 2428K, committed 2560K, reserved 1048576K
}
Event: 5.578 GC heap before
{Heap before GC invocations=2 (full 0):
 garbage-first heap   total 264192K, used 73393K [0x0000000700000000, 0x0000000800000000)
  region size 2048K, 26 young (53248K), 4 survivors (8192K)
 Metaspace       used 21098K, committed 21504K, reserved 1114112K
  class space    used 2990K, committed 3200K, reserved 1048576K
}
Event: 5.586 GC heap after
{Heap after GC invocations=3 (full 0):
 garbage-first heap   total 264192K, used 32791K [0x0000000700000000, 0x0000000800000000)
  region size 2048K, 7 young (14336K), 7 survivors (14336K)
 Metaspace       used 21098K, committed 21504K, reserved 1114112K
  class space    used 2990K, committed 3200K, reserved 1048576K
}
Event: 8.234 GC heap before
{Heap before GC invocations=4 (full 0):
 garbage-first heap   total 137216K, used 45079K [0x0000000700000000, 0x0000000800000000)
  region size 2048K, 11 young (22528K), 7 survivors (14336K)
 Metaspace       used 23260K, committed 23744K, reserved 1114112K
  class space    used 3229K, committed 3456K, reserved 1048576K
}
Event: 8.247 GC heap after
{Heap after GC invocations=5 (full 0):
 garbage-first heap   total 137216K, used 38776K [0x0000000700000000, 0x0000000800000000)
  region size 2048K, 1 young (2048K), 1 survivors (2048K)
 Metaspace       used 23260K, committed 23744K, reserved 1114112K
  class space    used 3229K, committed 3456K, reserved 1048576K
}

